<?xml version="1.0" encoding="UTF-8"?>
<testsuite xmlns:xsi="http://www.w3.org/2001/XMLSchema-instance" xsi:noNamespaceSchemaLocation="https://maven.apache.org/surefire/maven-surefire-plugin/xsd/surefire-test-report-3.0.xsd" version="3.0" name="UserManagerTest$RepeatedTests" time="0.009" tests="26" errors="0" skipped="2" failures="0">
  <properties>
[...]
</properties>
  <testcase name="shouldThrowRunTimeExceptionWhenLastNameIsNull" classname="UserManagerTest" time="0.01">
    <system-out><![CDATA[I should be printed before all the tests commence!
I am Instantiating the User Test Scripts!
Just completed a test!
]]></system-out>
  </testcase>
  <testcase name="shouldCreateUserUsingValueSource(String)[1]" classname="UserManagerTest" time="0.01">
    <system-out><![CDATA[I am Instantiating the User Test Scripts!
Just completed a test!
]]></system-out>
  </testcase>
  <testcase name="shouldCreateUserUsingValueSource(String)[2]" classname="UserManagerTest" time="0.001">
    <system-out><![CDATA[I am Instantiating the User Test Scripts!
Just completed a test!
]]></system-out>
  </testcase>
  <testcase name="shouldCreateUserUsingValueSource(String)[3]" classname="UserManagerTest" time="0">
    <system-out><![CDATA[I am Instantiating the User Test Scripts!
Just completed a test!
]]></system-out>
  </testcase>
  <testcase name="shouldCreateUserUsingCSVSource(String)[1]" classname="UserManagerTest" time="0.001">
    <system-out><![CDATA[I am Instantiating the User Test Scripts!
Just completed a test!
]]></system-out>
  </testcase>
  <testcase name="shouldCreateUserUsingCSVSource(String)[2]" classname="UserManagerTest" time="0">
    <system-out><![CDATA[I am Instantiating the User Test Scripts!
Just completed a test!
]]></system-out>
  </testcase>
  <testcase name="shouldCreateUserUsingCSVSource(String)[3]" classname="UserManagerTest" time="0">
    <system-out><![CDATA[I am Instantiating the User Test Scripts!
Just completed a test!
]]></system-out>
  </testcase>
  <testcase name="shouldCreateUser" classname="UserManagerTest" time="0.001">
    <system-out><![CDATA[I am Instantiating the User Test Scripts!
Just completed a test!
]]></system-out>
  </testcase>
  <testcase name="shouldTestPhoneNumberFormat" classname="UserManagerTest" time="0">
    <system-out><![CDATA[I am Instantiating the User Test Scripts!
Just completed a test!
]]></system-out>
  </testcase>
  <testcase name="shouldCreateUserUsingCSVFileSource(String)[1]" classname="UserManagerTest" time="0.001">
    <system-out><![CDATA[I am Instantiating the User Test Scripts!
Just completed a test!
]]></system-out>
  </testcase>
  <testcase name="shouldCreateUserUsingCSVFileSource(String)[2]" classname="UserManagerTest" time="0.001">
    <system-out><![CDATA[I am Instantiating the User Test Scripts!
Just completed a test!
]]></system-out>
  </testcase>
  <testcase name="shouldCreateUserUsingCSVFileSource(String)[3]" classname="UserManagerTest" time="0.001">
    <system-out><![CDATA[I am Instantiating the User Test Scripts!
Just completed a test!
]]></system-out>
  </testcase>
  <testcase name="shouldTestOnlyInDevEnvironment" classname="UserManagerTest" time="0">
    <skipped type="org.opentest4j.TestAbortedException"><![CDATA[org.opentest4j.TestAbortedException: Assumption failed: assumption is not true
	at UserManagerTest.shouldTestOnlyInDevEnvironment(UserManagerTest.java:158)
]]></skipped>
    <system-out><![CDATA[I am Instantiating the User Test Scripts!
Just completed a test!
]]></system-out>
  </testcase>
  <testcase name="imNotWorking" classname="UserManagerTest" time="0">
    <skipped message="public void UserManagerTest.imNotWorking() is @Disabled"/>
  </testcase>
  <testcase name="shouldThrowRunTimeExceptionWhenFirstNameIsNull" classname="UserManagerTest" time="0">
    <system-out><![CDATA[I am Instantiating the User Test Scripts!
Just completed a test!
]]></system-out>
  </testcase>
  <testcase name="shouldThrowRuntimeExceptionWhenPhoneNumberNull" classname="UserManagerTest" time="0.001">
    <system-out><![CDATA[I am Instantiating the User Test Scripts!
Just completed a test!
]]></system-out>
  </testcase>
  <testcase name="shouldCreateUserMultipleTimes" classname="UserManagerTest$RepeatedTests" time="0">
    <system-out><![CDATA[I am Instantiating the User Test Scripts!
Just completed a test!
]]></system-out>
  </testcase>
  <testcase name="shouldCreateUserMultipleTimes" classname="UserManagerTest$RepeatedTests" time="0">
    <system-out><![CDATA[I am Instantiating the User Test Scripts!
Just completed a test!
]]></system-out>
  </testcase>
  <testcase name="shouldCreateUserMultipleTimes" classname="UserManagerTest$RepeatedTests" time="0.001">
    <system-out><![CDATA[I am Instantiating the User Test Scripts!
Just completed a test!
]]></system-out>
  </testcase>
  <testcase name="shouldCreateUserMultipleTimes" classname="UserManagerTest$RepeatedTests" time="0">
    <system-out><![CDATA[I am Instantiating the User Test Scripts!
Just completed a test!
]]></system-out>
  </testcase>
  <testcase name="shouldCreateUserMultipleTimes" classname="UserManagerTest$RepeatedTests" time="0">
    <system-out><![CDATA[I am Instantiating the User Test Scripts!
Just completed a test!
]]></system-out>
  </testcase>
  <testcase name="shouldCreateUserMultipleTimes" classname="UserManagerTest$RepeatedTests" time="0.001">
    <system-out><![CDATA[I am Instantiating the User Test Scripts!
Just completed a test!
]]></system-out>
  </testcase>
  <testcase name="shouldCreateUserMultipleTimes" classname="UserManagerTest$RepeatedTests" time="0">
    <system-out><![CDATA[I am Instantiating the User Test Scripts!
Just completed a test!
]]></system-out>
  </testcase>
  <testcase name="shouldCreateUserMultipleTimes" classname="UserManagerTest$RepeatedTests" time="0">
    <system-out><![CDATA[I am Instantiating the User Test Scripts!
Just completed a test!
]]></system-out>
  </testcase>
  <testcase name="shouldCreateUserMultipleTimes" classname="UserManagerTest$RepeatedTests" time="0.001">
    <system-out><![CDATA[I am Instantiating the User Test Scripts!
Just completed a test!
]]></system-out>
  </testcase>
  <testcase name="shouldCreateUserMultipleTimes" classname="UserManagerTest$RepeatedTests" time="0">
    <system-out><![CDATA[I am Instantiating the User Test Scripts!
Just completed a test!
]]></system-out>
  </testcase>
</testsuite>